2016-10-10T00:03:50-04:00 ERR (3): SoapFault Object
(
    [message:protected] => Could not connect to host
    [string:Exception:private] => 
    [code:protected] => 0
    [file:protected] => D:\Backlog\TimeSheet\PHP\etimesheets\api\library\PPM\Api\Requests.php
    [line:protected] => 12
    [trace:Exception:private] => Array
        (
            [0] => Array
                (
                    [function] => __doRequest
                    [class] => SoapClient
                    [type] => ->
                    [args] => Array
                        (
                            [0] => <?xml version="1.0" encoding="UTF-8"?>
<SOAP-ENV:Envelope xmlns:SOAP-ENV="http://schemas.xmlsoap.org/soap/envelope/" xmlns:ns1="http://mercury.com/ppm/dm/1.0" xmlns:ns2="http://mercury.com/ppm/dm/service/1.0"><SOAP-ENV:Body><ns2:getRequests><ns2:requestIds><ns1:id>1635899</ns1:id></ns2:requestIds></ns2:getRequests></SOAP-ENV:Body></SOAP-ENV:Envelope>

                            [1] => https://stkmty810.softtek.com/sap/xi/engine?type=entry&version=3.0&Sender.Service=AMS_TOOLS_PRD&Interface=http://softtek.com/ams/ams_tools^SI_AMSToolsRequests_Sender
                            [2] => http://sap.com/xi/WebService/soap1.1
                            [3] => 1
                            [4] => 0
                        )

                )

            [1] => Array
                (
                    [file] => D:\Backlog\TimeSheet\PHP\etimesheets\api\library\PPM\Api\Requests.php
                    [line] => 12
                    [function] => __call
                    [class] => SoapClient
                    [type] => ->
                    [args] => Array
                        (
                            [0] => GetRequests_SenderSync
                            [1] => Array
                                (
                                    [0] => Array
                                        (
                                            [requestIds] => Array
                                                (
                                                    [id] => 1635899
                                                )

                                        )

                                )

                        )

                )

            [2] => Array
                (
                    [file] => D:\Backlog\TimeSheet\PHP\etimesheets\api\library\PPM\Api\Requests.php
                    [line] => 12
                    [function] => GetRequests_SenderSync
                    [class] => SoapClient
                    [type] => ->
                    [args] => Array
                        (
                            [0] => Array
                                (
                                    [requestIds] => Array
                                        (
                                            [id] => 1635899
                                        )

                                )

                        )

                )

            [3] => Array
                (
                    [file] => D:\Backlog\TimeSheet\PHP\etimesheets\api\library\PPM\Bean\TimeSheetLine.php
                    [line] => 95
                    [function] => getRequests
                    [class] => PPM_Api_Requests
                    [type] => ::
                    [args] => Array
                        (
                            [0] => 1635899
                        )

                )

            [4] => Array
                (
                    [file] => D:\Backlog\TimeSheet\PHP\etimesheets\api\library\PPM\Bean\Timesheet.php
                    [line] => 134
                    [function] => getDescription
                    [class] => PPM_Bean_TimeSheetLine
                    [type] => ->
                    [args] => Array
                        (
                        )

                )

            [5] => Array
                (
                    [file] => D:\Backlog\TimeSheet\PHP\etimesheets\api\library\PPM\Get.php
                    [line] => 119
                    [function] => __construct
                    [class] => PPM_Bean_Timesheet
                    [type] => ->
                    [args] => Array
                        (
                            [0] => stdClass Object
                                (
                                    [timeSheetId] => 790403
                                    [resourceId] => 192313
                                    [description] => Lemon Yang - 10/03/16 - 10/09/16
                                    [sequence] => 1
                                    [periodId] => 100910
                                    [state] => stdClass Object
                                        (
                                            [code] => 1
                                            [meaning] => unsubmitted
                                        )

                                    [bucketShowLevel] => DAY
                                    [bucketReportMethod] => HOURS
                                    [hoursInPeriodType] => FIXED
                                    [allowMultipleTimeSheets] => 1
                                    [notifyDelinquentTimeSheet] => 1
                                    [reqActivitiesRequiredFlag] => 
                                    [tskActivitiesRequiredFlag] => 
                                    [prjActivitiesRequiredFlag] => 
                                    [pkgActivitiesRequiredFlag] => 
                                    [miscActivitiesRequiredFlag] => 
                                    [reqWorkItemEnabledFlag] => 1
                                    [tskWorkItemEnabledFlag] => 1
                                    [prjWorkItemEnabledFlag] => 
                                    [pkgWorkItemEnabledFlag] => 
                                    [mscWorkItemEnabledFlag] => 
                                    [enforcementLevelError] => 
                                    [timeSheetLines] => Array
                                        (
                                            [0] => stdClass Object
                                                (
                                                    [timeSheetLineId] => 1782557
                                                    [workItemId] => 1635899
                                                    [workItemSetId] => 30650
                                                    [workItemType] => REQUEST
                                                    [state] => stdClass Object
                                                        (
                                                            [code] => 1
                                                            [meaning] => unsubmitted
                                                        )

                                                    [updateChargeCodeFlag] => 
                                                    [requireChargeCodeFlag] => 
                                                    [userDataBean] => stdClass Object
                                                        (
                                                        )

                                                    [timeActualsList] => Array
                                                        (
                                                            [0] => stdClass Object
                                                                (
                                                                    [totalsFlag] => 1
                                                                    [actualCost] => stdClass Object
                                                                        (
                                                                        )

                                                                    [effortsList] => Array
                                                                        (
                                                                            [0] => 0
                                                                            [1] => 0
                                                                            [2] => 0
                                                                            [3] => 0
                                                                            [4] => 0
                                                                            [5] => 0
                                                                            [6] => 0
                                                                        )

                                                                )

                                                            [1] => stdClass Object
                                                                (
                                                                    [totalsFlag] => 
                                                                    [actualCost] => stdClass Object
                                                                        (
                                                                        )

                                                                    [effortsList] => Array
                                                                        (
                                                                            [0] => 0
                                                                            [1] => 0
                                                                            [2] => 0
                                                                            [3] => 0
                                                                            [4] => 0
                                                                            [5] => 0
                                                                            [6] => 0
                                                                        )

                                                                )

                                                        )

                                                )

                                            [1] => stdClass Object
                                                (
                                                    [timeSheetLineId] => 1782558
                                                    [workItemId] => 1634959
                                                    [workItemSetId] => 30616
                                                    [workItemType] => REQUEST
                                                    [state] => stdClass Object
                                                        (
                                                            [code] => 1
                                                            [meaning] => unsubmitted
                                                        )

                                                    [updateChargeCodeFlag] => 
                                                    [requireChargeCodeFlag] => 
                                                    [userDataBean] => stdClass Object
                                                        (
                                                        )

                                                    [timeActualsList] => Array
                                                        (
                                                            [0] => stdClass Object
                                                                (
                                                                    [totalsFlag] => 1
                                                                    [actualCost] => stdClass Object
                                                                        (
                                                                        )

                                                                    [effortsList] => Array
                                                                        (
                                                                            [0] => 0
                                                                            [1] => 0
                                                                            [2] => 0
                                                                            [3] => 0
                                                                            [4] => 0
                                                                            [5] => 0
                                                                            [6] => 0
                                                                        )

                                                                )

                                                            [1] => stdClass Object
                                                                (
                                                                    [totalsFlag] => 
                                                                    [actualCost] => stdClass Object
                                                                        (
                                                                        )

                                                                    [effortsList] => Array
                                                                        (
                                                                            [0] => 0
                                                                            [1] => 0
                                                                            [2] => 0
                                                                            [3] => 0
                                                                            [4] => 0
                                                                            [5] => 0
                                                                            [6] => 0
                                                                        )

                                                                )

                                                        )

                                                )

                                        )

                                )

                        )

                )

            [6] => Array
                (
                    [file] => D:\Backlog\TimeSheet\PHP\etimesheets\api\library\PPM\Api.php
                    [line] => 134
                    [function] => getTimesheet
                    [class] => PPM_Get
                    [type] => ::
                    [args] => Array
                        (
                            [0] => SoapClient Object
                                (
                                    [_login] => AMSWSPIUSER
                                    [_password] => wXsed54#2a1
                                    [trace] => 1
                                    [_stream_context] => Resource id #221
                                    [_soap_version] => 1
                                    [sdl] => Resource id #223
                                    [location] => https://stkmty810.softtek.com/sap/xi/engine?type=entry&version=3.0&Sender.Service=AMS_TOOLS_PRD&Interface=http://softtek.com/ams/ams_tools^SI_AMSToolsTimesheets_Sender
                                    [__last_request] => <?xml version="1.0" encoding="UTF-8"?>
<SOAP-ENV:Envelope xmlns:SOAP-ENV="http://schemas.xmlsoap.org/soap/envelope/" xmlns:ns1="http://mercury.com/ppm/tm/service/1.0"><SOAP-ENV:Body><ns1:getTimeSheet><ns1:timeSheetId>790403</ns1:timeSheetId></ns1:getTimeSheet></SOAP-ENV:Body></SOAP-ENV:Envelope>

                                    [httpsocket] => Resource id #224
                                    [_use_proxy] => 0
                                    [httpurl] => Resource id #225
                                    [__last_request_headers] => POST /sap/xi/engine?type=entry&version=3.0&Sender.Service=AMS_TOOLS_PRD&Interface=http://softtek.com/ams/ams_tools^SI_AMSToolsTimesheets_Sender HTTP/1.1
Host: stkmty810.softtek.com
Connection: Keep-Alive
User-Agent: PHP
Content-Type: text/xml; charset=utf-8
SOAPAction: "http://sap.com/xi/WebService/soap1.1"
Content-Length: 297
Authorization: Basic QU1TV1NQSVVTRVI6d1hzZWQ1NCMyYTE=


                                    [__last_response_headers] => HTTP/1.1 200 OK
content-type: text/xml;charset=utf-8
content-length: 3436
x-xmb_ws_encoded: version=1.0&Sender.Party=http%3a%2f%2fsap.com%2fxi%2fXI%3aXIParty%3a&Sender.Service=HP_KINTANA_PPM_PRD&Interface=http%3a%2f%2fmercury.com%2fppm%2ftm%2fmsg%2f1.0%5eSI_PPMTimeManagement_Receiver&Receiver.Party=http%3a%2f%2fsap.com%2fxi%2fXI%3aXIParty%3a&Receiver.Service=AMS_TOOLS_PRD&To.Interface=http%3a%2f%2fsofttek.com%2fams%2fams_tools%5eSI_AMSToolsTimesheets_Sender&MessageClass=RS&ProcessingMode=S&ConversationId=&MessageId=8004B205-8E9E-11E6-800C-000000D491C6&RefToMessageId=00505682-5613-1EE6-A3D3-CF956AC0DB89&QualityOfService=BestEffort&TimeSent=2016-10-10T04%3a03%3a28Z
soapaction: 'http://sap.com/xi/XI/Message/30'
content-id: <soap-0050568256131EE6A3D3CF956AC15B89@sap.com>
sap-xi-messageid: 00000000000000000000000000000000
server: SAP NetWeaver Application Server / ABAP 731

                                    [__last_response] => <SOAP:Envelope xmlns:SOAP="http://schemas.xmlsoap.org/soap/envelope/">
<SOAP:Body>
<service:getTimeSheetResponse xmlns="http://mercury.com/ppm/tm/1.0" xmlns:service="http://mercury.com/ppm/tm/service/1.0" xmlns:pm="http://mercury.com/ppm/pm/1.0" xmlns:common="http://mercury.com/ppm/common/1.0" xmlns:xsi="http://www.w3.org/2001/XMLSchema-instance"><service:return xmlns="http://mercury.com/ppm/tm/1.0"><timeSheetId>790403</timeSheetId><resourceId>192313</resourceId><description>Lemon Yang - 10/03/16 - 10/09/16</description><sequence>1</sequence><periodId>100910</periodId><bucketShowLevel>DAY</bucketShowLevel><bucketReportMethod>HOURS</bucketReportMethod><hoursInPeriodType>FIXED</hoursInPeriodType><allowMultipleTimeSheets>true</allowMultipleTimeSheets><notifyDelinquentTimeSheet>true</notifyDelinquentTimeSheet><reqActivitiesRequiredFlag>false</reqActivitiesRequiredFlag><tskActivitiesRequiredFlag>false</tskActivitiesRequiredFlag><prjActivitiesRequiredFlag>false</prjActivitiesRequiredFlag><pkgActivitiesRequiredFlag>false</pkgActivitiesRequiredFlag><miscActivitiesRequiredFlag>false</miscActivitiesRequiredFlag><reqWorkItemEnabledFlag>true</reqWorkItemEnabledFlag><tskWorkItemEnabledFlag>true</tskWorkItemEnabledFlag><prjWorkItemEnabledFlag>false</prjWorkItemEnabledFlag><pkgWorkItemEnabledFlag>false</pkgWorkItemEnabledFlag><mscWorkItemEnabledFlag>false</mscWorkItemEnabledFlag><enforcementLevelError>false</enforcementLevelError><state><code>1</code><meaning>unsubmitted</meaning></state><timeSheetLines><timeSheetLineId>1782557</timeSheetLineId><workItemId>1635899</workItemId><workItemSetId>30650</workItemSetId><workItemType>REQUEST</workItemType><updateChargeCodeFlag>false</updateChargeCodeFlag><requireChargeCodeFlag>false</requireChargeCodeFlag><state><code>1</code><meaning>unsubmitted</meaning></state><userDataBean/><timeActualsList><totalsFlag>true</totalsFlag><actualCost/><effortsList>0.0</effortsList><effortsList>0.0</effortsList><effortsList>0.0</effortsList><effortsList>0.0</effortsList><effortsList>0.0</effortsList><effortsList>0.0</effortsList><effortsList>0.0</effortsList></timeActualsList><timeActualsList><totalsFlag>false</totalsFlag><actualCost/><effortsList>0.0</effortsList><effortsList>0.0</effortsList><effortsList>0.0</effortsList><effortsList>0.0</effortsList><effortsList>0.0</effortsList><effortsList>0.0</effortsList><effortsList>0.0</effortsList></timeActualsList></timeSheetLines><timeSheetLines><timeSheetLineId>1782558</timeSheetLineId><workItemId>1634959</workItemId><workItemSetId>30616</workItemSetId><workItemType>REQUEST</workItemType><updateChargeCodeFlag>false</updateChargeCodeFlag><requireChargeCodeFlag>false</requireChargeCodeFlag><state><code>1</code><meaning>unsubmitted</meaning></state><userDataBean/><timeActualsList><totalsFlag>true</totalsFlag><actualCost/><effortsList>0.0</effortsList><effortsList>0.0</effortsList><effortsList>0.0</effortsList><effortsList>0.0</effortsList><effortsList>0.0</effortsList><effortsList>0.0</effortsList><effortsList>0.0</effortsList></timeActualsList><timeActualsList><totalsFlag>false</totalsFlag><actualCost/><effortsList>0.0</effortsList><effortsList>0.0</effortsList><effortsList>0.0</effortsList><effortsList>0.0</effortsList><effortsList>0.0</effortsList><effortsList>0.0</effortsList><effortsList>0.0</effortsList></timeActualsList></timeSheetLines></service:return></service:getTimeSheetResponse></SOAP:Body>
</SOAP:Envelope>

                                )

                            [1] => Array
                                (
                                    [0] => 790403
                                )

                        )

                )

            [7] => Array
                (
                    [file] => D:\Backlog\TimeSheet\PHP\etimesheets\api\application\modules\api\controllers\TimesheetController.php
                    [line] => 26
                    [function] => __callStatic
                    [class] => PPM_Api
                    [type] => ::
                    [args] => Array
                        (
                            [0] => getTimesheet
                            [1] => Array
                                (
                                    [0] => 790403
                                )

                        )

                )

            [8] => Array
                (
                    [file] => D:\Backlog\TimeSheet\PHP\etimesheets\api\application\modules\api\controllers\TimesheetController.php
                    [line] => 26
                    [function] => getTimesheet
                    [class] => PPM_Api
                    [type] => ::
                    [args] => Array
                        (
                            [0] => 790403
                        )

                )

            [9] => Array
                (
                    [file] => phar://D:/Backlog/TimeSheet/PHP/etimesheets/api/library/Zend.phar/Zend/Controller/Action.php
                    [line] => 2
                    [function] => getAction
                    [class] => TimesheetController
                    [type] => ->
                    [args] => Array
                        (
                        )

                )

            [10] => Array
                (
                    [file] => phar://D:/Backlog/TimeSheet/PHP/etimesheets/api/library/Zend.phar/Zend/Controller/Dispatcher/Standard.php
                    [line] => 2
                    [function] => dispatch
                    [class] => Zend_Controller_Action
                    [type] => ->
                    [args] => Array
                        (
                            [0] => getAction
                        )

                )

            [11] => Array
                (
                    [file] => phar://D:/Backlog/TimeSheet/PHP/etimesheets/api/library/Zend.phar/Zend/Controller/Front.php
                    [line] => 2
                    [function] => dispatch
                    [class] => Zend_Controller_Dispatcher_Standard
                    [type] => ->
                    [args] => Array
                        (
                            [0] => REST_Controller_Request_Http Object
                                (
                                    [_error:REST_Controller_Request_Http:private] => 
                                    [_paramSources:protected] => Array
                                        (
                                            [0] => _GET
                                            [1] => _POST
                                        )

                                    [_requestUri:protected] => /api/timesheet/790403?_=1476072187771
                                    [_baseUrl:protected] => /api
                                    [_basePath:protected] => 
                                    [_pathInfo:protected] => /timesheet/790403
                                    [_params:protected] => Array
                                        (
                                            [controller] => timesheet
                                            [action] => get
                                            [_] => 1476072187771
                                            [id] => 790403
                                            [module] => api
                                            [format] => json
                                        )

                                    [_rawBody:protected] => 
                                    [_aliases:protected] => Array
                                        (
                                        )

                                    [_dispatched:protected] => 1
                                    [_module:protected] => api
                                    [_moduleKey:protected] => module
                                    [_controller:protected] => timesheet
                                    [_controllerKey:protected] => controller
                                    [_action:protected] => get
                                    [_actionKey:protected] => action
                                )

                            [1] => REST_Response Object
                                (
                                    [_body:protected] => Array
                                        (
                                        )

                                    [_exceptions:protected] => Array
                                        (
                                        )

                                    [_headers:protected] => Array
                                        (
                                            [0] => Array
                                                (
                                                    [name] => Expires
                                                    [value] => Mon, 17 Oct 2016 04:03:26 GMT
                                                    [replace] => 
                                                )

                                            [1] => Array
                                                (
                                                    [name] => Last-Modified
                                                    [value] => Mon, 10 Oct 2016 04:03:00 GMT
                                                    [replace] => 
                                                )

                                            [2] => Array
                                                (
                                                    [name] => Cache-Control
                                                    [value] => public, no-transform, max-age=604800, s-maxage=604800
                                                    [replace] => 
                                                )

                                            [3] => Array
                                                (
                                                    [name] => Access-Control-Allow-Methods
                                                    [value] => GET, POST, PUT, DELETE
                                                    [replace] => 
                                                )

                                            [4] => Array
                                                (
                                                    [name] => Content-Type
                                                    [value] => application/json
                                                    [replace] => 
                                                )

                                        )

                                    [_headersRaw:protected] => Array
                                        (
                                        )

                                    [_httpResponseCode:protected] => 200
                                    [_isRedirect:protected] => 
                                    [_renderExceptions:protected] => 
                                    [headersSentThrowsException] => 1
                                )

                        )

                )

            [12] => Array
                (
                    [file] => phar://D:/Backlog/TimeSheet/PHP/etimesheets/api/library/Zend.phar/Zend/Application/Bootstrap/Bootstrap.php
                    [line] => 2
                    [function] => dispatch
                    [class] => Zend_Controller_Front
                    [type] => ->
                    [args] => Array
                        (
                        )

                )

            [13] => Array
                (
                    [file] => phar://D:/Backlog/TimeSheet/PHP/etimesheets/api/library/Zend.phar/Zend/Application.php
                    [line] => 2
                    [function] => run
                    [class] => Zend_Application_Bootstrap_Bootstrap
                    [type] => ->
                    [args] => Array
                        (
                        )

                )

            [14] => Array
                (
                    [file] => D:\Backlog\TimeSheet\PHP\etimesheets\api\index.php
                    [line] => 39
                    [function] => run
                    [class] => Zend_Application
                    [type] => ->
                    [args] => Array
                        (
                        )

                )

        )

    [previous:Exception:private] => 
    [faultstring] => Could not connect to host
    [faultcode] => HTTP
    [xdebug_message] => <tr><th align='left' bgcolor='#f57900' colspan="5"><span style='background-color: #cc0000; color: #fce94f; font-size: x-large;'>( ! )</span> SoapFault: Could not connect to host in D:\Backlog\TimeSheet\PHP\etimesheets\api\library\PPM\Api\Requests.php on line <i>12</i></th></tr>
<tr><th align='left' bgcolor='#e9b96e' colspan='5'>Call Stack</th></tr>
<tr><th align='center' bgcolor='#eeeeec'>#</th><th align='left' bgcolor='#eeeeec'>Time</th><th align='left' bgcolor='#eeeeec'>Memory</th><th align='left' bgcolor='#eeeeec'>Function</th><th align='left' bgcolor='#eeeeec'>Location</th></tr>
<tr><td bgcolor='#eeeeec' align='center'>1</td><td bgcolor='#eeeeec' align='center'>0.1780</td><td bgcolor='#eeeeec' align='right'>130456</td><td bgcolor='#eeeeec'>{main}(  )</td><td title='D:\Backlog\TimeSheet\PHP\etimesheets\api\index.php' bgcolor='#eeeeec'>...\index.php<b>:</b>0</td></tr>
<tr><td bgcolor='#eeeeec' align='center'>2</td><td bgcolor='#eeeeec' align='center'>0.2970</td><td bgcolor='#eeeeec' align='right'>3378416</td><td bgcolor='#eeeeec'>Zend_Application->run(  )</td><td title='D:\Backlog\TimeSheet\PHP\etimesheets\api\index.php' bgcolor='#eeeeec'>...\index.php<b>:</b>39</td></tr>
<tr><td bgcolor='#eeeeec' align='center'>3</td><td bgcolor='#eeeeec' align='center'>0.2970</td><td bgcolor='#eeeeec' align='right'>3378480</td><td bgcolor='#eeeeec'>Zend_Application_Bootstrap_Bootstrap->run(  )</td><td title='phar://D:/Backlog/TimeSheet/PHP/etimesheets/api/library/Zend.phar/Zend/Application.php' bgcolor='#eeeeec'>...(null)<b>:</b>2</td></tr>
<tr><td bgcolor='#eeeeec' align='center'>4</td><td bgcolor='#eeeeec' align='center'>0.2970</td><td bgcolor='#eeeeec' align='right'>3379208</td><td bgcolor='#eeeeec'>Zend_Controller_Front->dispatch( ???, ??? )</td><td title='phar://D:/Backlog/TimeSheet/PHP/etimesheets/api/library/Zend.phar/Zend/Application/Bootstrap/Bootstrap.php' bgcolor='#eeeeec'>...(null)<b>:</b>2</td></tr>
<tr><td bgcolor='#eeeeec' align='center'>5</td><td bgcolor='#eeeeec' align='center'>0.3650</td><td bgcolor='#eeeeec' align='right'>3641816</td><td bgcolor='#eeeeec'>Zend_Controller_Dispatcher_Standard->dispatch( ???, ??? )</td><td title='phar://D:/Backlog/TimeSheet/PHP/etimesheets/api/library/Zend.phar/Zend/Controller/Front.php' bgcolor='#eeeeec'>...(null)<b>:</b>2</td></tr>
<tr><td bgcolor='#eeeeec' align='center'>6</td><td bgcolor='#eeeeec' align='center'>0.3830</td><td bgcolor='#eeeeec' align='right'>3785088</td><td bgcolor='#eeeeec'>Zend_Controller_Action->dispatch( ??? )</td><td title='phar://D:/Backlog/TimeSheet/PHP/etimesheets/api/library/Zend.phar/Zend/Controller/Dispatcher/Standard.php' bgcolor='#eeeeec'>...(null)<b>:</b>2</td></tr>
<tr><td bgcolor='#eeeeec' align='center'>7</td><td bgcolor='#eeeeec' align='center'>0.3850</td><td bgcolor='#eeeeec' align='right'>3849304</td><td bgcolor='#eeeeec'>TimesheetController->getAction(  )</td><td title='phar://D:/Backlog/TimeSheet/PHP/etimesheets/api/library/Zend.phar/Zend/Controller/Action.php' bgcolor='#eeeeec'>...(null)<b>:</b>2</td></tr>
<tr><td bgcolor='#eeeeec' align='center'>8</td><td bgcolor='#eeeeec' align='center'>0.3850</td><td bgcolor='#eeeeec' align='right'>3849432</td><td bgcolor='#eeeeec'><a href='http://www.php.net/PPM-Api.getTimesheet' target='_new'>getTimesheet</a>
( ??? )</td><td title='D:\Backlog\TimeSheet\PHP\etimesheets\api\application\modules\api\controllers\TimesheetController.php' bgcolor='#eeeeec'>...\TimesheetController.php<b>:</b>26</td></tr>
<tr><td bgcolor='#eeeeec' align='center'>9</td><td bgcolor='#eeeeec' align='center'>0.3850</td><td bgcolor='#eeeeec' align='right'>3849664</td><td bgcolor='#eeeeec'>PPM_Api::__callStatic( ???, ??? )</td><td title='D:\Backlog\TimeSheet\PHP\etimesheets\api\application\modules\api\controllers\TimesheetController.php' bgcolor='#eeeeec'>...\TimesheetController.php<b>:</b>26</td></tr>
<tr><td bgcolor='#eeeeec' align='center'>10</td><td bgcolor='#eeeeec' align='center'>0.3890</td><td bgcolor='#eeeeec' align='right'>4048672</td><td bgcolor='#eeeeec'>PPM_Get::getTimesheet( ???, ??? )</td><td title='D:\Backlog\TimeSheet\PHP\etimesheets\api\library\PPM\Api.php' bgcolor='#eeeeec'>...\Api.php<b>:</b>134</td></tr>
<tr><td bgcolor='#eeeeec' align='center'>11</td><td bgcolor='#eeeeec' align='center'>2.3380</td><td bgcolor='#eeeeec' align='right'>4117704</td><td bgcolor='#eeeeec'>PPM_Bean_Timesheet->__construct( ??? )</td><td title='D:\Backlog\TimeSheet\PHP\etimesheets\api\library\PPM\Get.php' bgcolor='#eeeeec'>...\Get.php<b>:</b>119</td></tr>
<tr><td bgcolor='#eeeeec' align='center'>12</td><td bgcolor='#eeeeec' align='center'>2.3440</td><td bgcolor='#eeeeec' align='right'>4145560</td><td bgcolor='#eeeeec'>PPM_Bean_TimeSheetLine->getDescription(  )</td><td title='D:\Backlog\TimeSheet\PHP\etimesheets\api\library\PPM\Bean\Timesheet.php' bgcolor='#eeeeec'>...\Timesheet.php<b>:</b>134</td></tr>
<tr><td bgcolor='#eeeeec' align='center'>13</td><td bgcolor='#eeeeec' align='center'>2.3460</td><td bgcolor='#eeeeec' align='right'>4162232</td><td bgcolor='#eeeeec'>PPM_Api_Requests::getRequests( ??? )</td><td title='D:\Backlog\TimeSheet\PHP\etimesheets\api\library\PPM\Bean\TimeSheetLine.php' bgcolor='#eeeeec'>...\TimeSheetLine.php<b>:</b>95</td></tr>
<tr><td bgcolor='#eeeeec' align='center'>14</td><td bgcolor='#eeeeec' align='center'>2.3500</td><td bgcolor='#eeeeec' align='right'>4226944</td><td bgcolor='#eeeeec'><a href='http://www.php.net/SoapClient.GetRequests-SenderSync' target='_new'>GetRequests_SenderSync</a>
( ??? )</td><td title='D:\Backlog\TimeSheet\PHP\etimesheets\api\library\PPM\Api\Requests.php' bgcolor='#eeeeec'>...\Requests.php<b>:</b>12</td></tr>
<tr><td bgcolor='#eeeeec' align='center'>15</td><td bgcolor='#eeeeec' align='center'>2.3500</td><td bgcolor='#eeeeec' align='right'>4227176</td><td bgcolor='#eeeeec'><a href='http://www.php.net/SoapClient.--call' target='_new'>__call</a>
( ???, ??? )</td><td title='D:\Backlog\TimeSheet\PHP\etimesheets\api\library\PPM\Api\Requests.php' bgcolor='#eeeeec'>...\Requests.php<b>:</b>12</td></tr>

)

2016-10-10T21:32:57-04:00 ERR (3): Could not connect to host
2016-10-10T21:32:57-04:00 ERR (3): 
2016-10-10T21:32:57-04:00 ERR (3): Auth Fail
2016-10-10T21:39:08-04:00 ERR (3): Error Fetching http headers
2016-10-10T21:39:08-04:00 ERR (3): 
2016-10-10T21:39:08-04:00 ERR (3): Auth Fail
2016-10-10T21:41:34-04:00 ERR (3): eSoapFault exception: [HTTP] Could not connect to host in D:\Backlog\TimeSheet\PHP\etimesheets\api\library\PPM\Get.php:82
Stack trace:
#0 [internal function]: SoapClient->__doRequest('<?xml version="...', 'https://stkmty8...', 'http://sap.com/...', 1, 0)
#1 D:\Backlog\TimeSheet\PHP\etimesheets\api\library\PPM\Get.php(82): SoapClient->__call('SearchTimeSheet...', Array)
#2 D:\Backlog\TimeSheet\PHP\etimesheets\api\library\PPM\Get.php(82): SoapClient->SearchTimeSheets_SenderSync(Array)
#3 D:\Backlog\TimeSheet\PHP\etimesheets\api\library\PPM\Api.php(134): PPM_Get::searchTimesheet(Object(SoapClient), Array)
#4 D:\Backlog\TimeSheet\PHP\etimesheets\api\application\modules\api\controllers\TimesheetController.php(19): PPM_Api::__callStatic('searchTimesheet', Array)
#5 D:\Backlog\TimeSheet\PHP\etimesheets\api\application\modules\api\controllers\TimesheetController.php(19): PPM_Api::searchTimesheet(Object(SoapVar))
#6 phar://D:/Backlog/TimeSheet/PHP/etimesheets/api/library/Zend.phar/Zend/Controller/Action.php(2): TimesheetController->indexAction()
#7 phar://D:/Backlog/TimeSheet/PHP/etimesheets/api/library/Zend.phar/Zend/Controller/Dispatcher/Standard.php(2): Zend_Controller_Action->dispatch('indexAction')
#8 phar://D:/Backlog/TimeSheet/PHP/etimesheets/api/library/Zend.phar/Zend/Controller/Front.php(2): Zend_Controller_Dispatcher_Standard->dispatch(Object(REST_Controller_Request_Http), Object(REST_Response))
#9 phar://D:/Backlog/TimeSheet/PHP/etimesheets/api/library/Zend.phar/Zend/Application/Bootstrap/Bootstrap.php(2): Zend_Controller_Front->dispatch()
#10 phar://D:/Backlog/TimeSheet/PHP/etimesheets/api/library/Zend.phar/Zend/Application.php(2): Zend_Application_Bootstrap_Bootstrap->run()
#11 D:\Backlog\TimeSheet\PHP\etimesheets\api\index.php(39): Zend_Application->run()
#12 {main}
2016-10-10T21:41:35-04:00 CRIT (2): Application error
2016-10-10T21:41:35-04:00 CRIT (2): Request Parameters
2016-10-10T21:47:55-04:00 CRIT (2): Application error
2016-10-10T21:47:55-04:00 CRIT (2): Request Parameters
