2016-09-28T04:54:25-04:00 ERR (3): Could not connect to host
2016-09-28T04:54:25-04:00 ERR (3): 
2016-09-28T04:54:25-04:00 ERR (3): Auth Fail
2016-09-28T04:56:33-04:00 ERR (3): Could not connect to host
2016-09-28T04:56:33-04:00 ERR (3): 
2016-09-28T04:56:33-04:00 ERR (3): Auth Fail
2016-09-28T04:57:56-04:00 ERR (3): Could not connect to host
2016-09-28T04:57:56-04:00 ERR (3): 
2016-09-28T04:57:56-04:00 ERR (3): Auth Fail
2016-09-28T05:00:06-04:00 ERR (3): Could not connect to host
2016-09-28T05:00:06-04:00 ERR (3): 
2016-09-28T05:00:17-04:00 ERR (3): Auth Fail
2016-09-28T05:00:48-04:00 ERR (3): Could not connect to host
2016-09-28T05:00:48-04:00 ERR (3): 
2016-09-28T05:02:09-04:00 ERR (3): Auth Fail
2016-09-28T05:03:36-04:00 CRIT (2): Application error
2016-09-28T05:03:36-04:00 CRIT (2): Request Parameters
2016-09-28T05:05:05-04:00 CRIT (2): Application error
2016-09-28T05:05:06-04:00 CRIT (2): Request Parameters
2016-09-28T05:12:35-04:00 CRIT (2): Application error
2016-09-28T05:12:35-04:00 CRIT (2): Request Parameters
2016-09-28T05:18:07-04:00 CRIT (2): Application error
2016-09-28T05:18:07-04:00 CRIT (2): Request Parameters
2016-09-28T05:21:22-04:00 CRIT (2): Application error
2016-09-28T05:21:22-04:00 CRIT (2): Request Parameters
2016-09-28T05:46:20-04:00 CRIT (2): Application error
2016-09-28T05:46:20-04:00 CRIT (2): Request Parameters
2016-09-28T05:50:20-04:00 CRIT (2): Application error
2016-09-28T05:50:20-04:00 CRIT (2): Request Parameters
2016-09-28T05:53:00-04:00 CRIT (2): Application error
2016-09-28T05:53:00-04:00 CRIT (2): Request Parameters
2016-09-28T22:36:53-04:00 ERR (3): Could not connect to host
2016-09-28T22:36:53-04:00 ERR (3): 
2016-09-28T22:36:53-04:00 ERR (3): Auth Fail
2016-09-28T22:38:17-04:00 ERR (3): Could not connect to host
2016-09-28T22:38:17-04:00 ERR (3): 
2016-09-28T22:38:18-04:00 ERR (3): Auth Fail
